This file contains any messages produced by compilers while
running configure, to aid debugging if configure makes a mistake.

It was created by GNU Automake configure 1.15, which was
generated by GNU Autoconf 2.69.  Invocation command line was

  $ ./configure 

## --------- ##
## Platform. ##
## --------- ##

hostname = cvg-All-Series
uname -m = x86_64
uname -r = 3.19.0-39-generic
uname -s = Linux
uname -v = #44~14.04.1-Ubuntu SMP Wed Dec 2 10:00:35 UTC 2015

/usr/bin/uname -p = unknown
/bin/uname -X     = unknown

/bin/arch              = unknown
/usr/bin/arch -k       = unknown
/usr/convex/getsysinfo = unknown
/usr/bin/hostinfo      = unknown
/bin/machine           = unknown
/usr/bin/oslevel       = unknown
/bin/universe          = unknown

PATH: /usr/local/sbin
PATH: /usr/local/bin
PATH: /usr/sbin
PATH: /usr/bin
PATH: /sbin
PATH: /bin
PATH: /usr/games
PATH: /usr/local/games


## ----------- ##
## Core tests. ##
## ----------- ##

configure:2031: checking whether make supports nested variables
configure:2048: result: yes
configure:2064: checking build system type
configure:2078: result: x86_64-unknown-linux-gnu
configure:2098: checking host system type
configure:2111: result: x86_64-unknown-linux-gnu
configure:2164: checking for a BSD-compatible install
configure:2232: result: /usr/bin/install -c
configure:2243: checking whether build environment is sane
configure:2298: result: yes
configure:2449: checking for a thread-safe mkdir -p
configure:2488: result: /bin/mkdir -p
configure:2495: checking for gawk
configure:2525: result: no
configure:2495: checking for mawk
configure:2511: found /usr/bin/mawk
configure:2522: result: mawk
configure:2533: checking whether make sets $(MAKE)
configure:2555: result: yes
configure:2713: checking whether ln -s works
configure:2717: result: yes
configure:2727: checking for perl
configure:2745: found /usr/bin/perl
configure:2757: result: /usr/bin/perl
configure:2769: /usr/bin/perl --version

This is perl 5, version 18, subversion 2 (v5.18.2) built for x86_64-linux-gnu-thread-multi
(with 41 registered patches, see perl -V for more detail)

Copyright 1987-2013, Larry Wall

Perl may be copied only under the terms of either the Artistic License or the
GNU General Public License, which may be found in the Perl 5 source kit.

Complete documentation for Perl, including FAQ lists, should be found on
this system using "man perl" or "perldoc perl".  If you have access to the
Internet, point your browser at http://www.perl.org/, the Perl Home Page.

configure:2772: $? = 0
configure:2784: checking for tex
configure:2800: found /usr/bin/tex
configure:2811: result: tex
configure:2822: tex --version </dev/null
TeX 3.1415926 (TeX Live 2013/Debian)
kpathsea version 6.1.1
Copyright 2013 D.E. Knuth.
There is NO warranty.  Redistribution of this software is
covered by the terms of both the TeX copyright and
the Lesser GNU General Public License.
For more information about these matters, see the file
named COPYING and the TeX source.
Primary author of TeX: D.E. Knuth.
configure:2825: $? = 0
configure:2843: checking for yacc
configure:2873: result: no
configure:2843: checking for byacc
configure:2873: result: no
configure:2843: checking for bison
configure:2873: result: no
configure:2886: checking for lex
configure:2916: result: no
configure:2886: checking for flex
configure:2916: result: no
configure:2934: checking whether autoconf is installed
configure:2939: autoconf --version
./configure: line 2940: autoconf: command not found
configure:2942: $? = 127
configure:2950: result: no
configure:2953: error: Autoconf 2.65 or better is required.
    Please make sure it is installed and in your PATH.

## ---------------- ##
## Cache variables. ##
## ---------------- ##

ac_cv_build=x86_64-unknown-linux-gnu
ac_cv_env_AM_TEST_RUNNER_SHELL_set=
ac_cv_env_AM_TEST_RUNNER_SHELL_value=
ac_cv_env_CCC_set=
ac_cv_env_CCC_value=
ac_cv_env_CC_set=
ac_cv_env_CC_value=
ac_cv_env_CFLAGS_set=
ac_cv_env_CFLAGS_value=
ac_cv_env_CPPFLAGS_set=
ac_cv_env_CPPFLAGS_value=
ac_cv_env_CXXFLAGS_set=
ac_cv_env_CXXFLAGS_value=
ac_cv_env_CXX_set=
ac_cv_env_CXX_value=
ac_cv_env_F77_set=
ac_cv_env_F77_value=
ac_cv_env_FCFLAGS_set=
ac_cv_env_FCFLAGS_value=
ac_cv_env_FC_set=
ac_cv_env_FC_value=
ac_cv_env_FFLAGS_set=
ac_cv_env_FFLAGS_value=
ac_cv_env_GNU_CC_set=
ac_cv_env_GNU_CC_value=
ac_cv_env_GNU_CFLAGS_set=
ac_cv_env_GNU_CFLAGS_value=
ac_cv_env_GNU_CXXFLAGS_set=
ac_cv_env_GNU_CXXFLAGS_value=
ac_cv_env_GNU_CXX_set=
ac_cv_env_GNU_CXX_value=
ac_cv_env_GNU_F77_set=
ac_cv_env_GNU_F77_value=
ac_cv_env_GNU_FCFLAGS_set=
ac_cv_env_GNU_FCFLAGS_value=
ac_cv_env_GNU_FC_set=
ac_cv_env_GNU_FC_value=
ac_cv_env_GNU_FFLAGS_set=
ac_cv_env_GNU_FFLAGS_value=
ac_cv_env_GNU_GCJFLAGS_set=
ac_cv_env_GNU_GCJFLAGS_value=
ac_cv_env_GNU_GCJ_set=
ac_cv_env_GNU_GCJ_value=
ac_cv_env_LDFLAGS_set=
ac_cv_env_LDFLAGS_value=
ac_cv_env_LIBS_set=
ac_cv_env_LIBS_value=
ac_cv_env_build_alias_set=
ac_cv_env_build_alias_value=
ac_cv_env_host_alias_set=
ac_cv_env_host_alias_value=
ac_cv_env_target_alias_set=
ac_cv_env_target_alias_value=
ac_cv_host=x86_64-unknown-linux-gnu
ac_cv_path_PERL=/usr/bin/perl
ac_cv_path_install='/usr/bin/install -c'
ac_cv_path_mkdir=/bin/mkdir
ac_cv_prog_AWK=mawk
ac_cv_prog_TEX=tex
ac_cv_prog_make_make_set=yes
am_cv_autoconf_installed=no
am_cv_make_support_nested_variables=yes

## ----------------- ##
## Output variables. ##
## ----------------- ##

ACLOCAL='"/home/cvg/Projects/caffe-master_cluster/snappy-master/automake-1.15/t/wrap/aclocal-1.15"'
AMTAR='$${TAR-tar}'
AM_BACKSLASH='\'
AM_DEFAULT_V='$(AM_DEFAULT_VERBOSITY)'
AM_DEFAULT_VERBOSITY='0'
AM_TEST_RUNNER_SHELL=''
AM_V='$(V)'
APIVERSION='1.15'
AUTOCONF='${SHELL} /home/cvg/Projects/caffe-master_cluster/snappy-master/automake-1.15/lib/missing autoconf'
AUTOHEADER='${SHELL} /home/cvg/Projects/caffe-master_cluster/snappy-master/automake-1.15/lib/missing autoheader'
AUTOMAKE='"/home/cvg/Projects/caffe-master_cluster/snappy-master/automake-1.15/t/wrap/automake-1.15"'
AWK='mawk'
CC=''
CFLAGS=''
CPPFLAGS=''
CXX=''
CXXFLAGS=''
CYGPATH_W='echo'
DEFS=''
ECHO_C=''
ECHO_N='-n'
ECHO_T=''
EGREP=''
EXEEXT=''
F77=''
FC=''
FCFLAGS=''
FFLAGS=''
FGREP=''
GNU_CC=''
GNU_CFLAGS=''
GNU_CXX=''
GNU_CXXFLAGS=''
GNU_F77=''
GNU_FC=''
GNU_FCFLAGS=''
GNU_FFLAGS=''
GNU_GCJ=''
GNU_GCJFLAGS=''
GREP=''
INSTALL_DATA='${INSTALL} -m 644'
INSTALL_PROGRAM='${INSTALL}'
INSTALL_SCRIPT='${INSTALL}'
INSTALL_STRIP_PROGRAM='$(install_sh) -c -s'
LDFLAGS=''
LEX='false'
LIBOBJS=''
LIBS=''
LN=''
LN_S='ln -s'
LTLIBOBJS=''
MAKEINFO='${SHELL} /home/cvg/Projects/caffe-master_cluster/snappy-master/automake-1.15/lib/missing makeinfo'
MKDIR_P='/bin/mkdir -p'
MODIFICATION_DELAY=''
OBJEXT=''
PACKAGE='automake'
PACKAGE_BUGREPORT='bug-automake@gnu.org'
PACKAGE_NAME='GNU Automake'
PACKAGE_STRING='GNU Automake 1.15'
PACKAGE_TARNAME='automake'
PACKAGE_URL='http://www.gnu.org/software/automake/'
PACKAGE_VERSION='1.15'
PATH_SEPARATOR=':'
PERL='/usr/bin/perl'
RELEASE_YEAR='2014'
SET_MAKE=''
SHELL='/bin/bash'
STRIP=''
TEX='tex'
VERSION='1.15'
YACC='false'
ac_ct_CC=''
ac_ct_CXX=''
ac_ct_F77=''
ac_ct_FC=''
ac_ct_GNU_CC=''
ac_ct_GNU_CXX=''
ac_ct_GNU_F77=''
ac_ct_GNU_FC=''
ac_ct_GNU_GCJ=''
am_AUTOCONF='autoconf'
am_AUTOHEADER='autoheader'
am_AUTOM4TE='autom4te'
am_AUTORECONF='autoreconf'
am_AUTOUPDATE='autoupdate'
am__EXEEXT_FALSE=''
am__EXEEXT_TRUE=''
am__isrc=''
am__leading_dot='.'
am__tar='$${TAR-tar} chof - "$$tardir"'
am__untar='$${TAR-tar} xf -'
am_candidate_sh=''
amdir='${pkgvdatadir}/am'
automake_acdir='${datadir}/aclocal-1.15'
bindir='${exec_prefix}/bin'
build='x86_64-unknown-linux-gnu'
build_alias=''
build_cpu='x86_64'
build_os='linux-gnu'
build_vendor='unknown'
datadir='${datarootdir}'
datarootdir='${prefix}/share'
docdir='${datarootdir}/doc/${PACKAGE_TARNAME}'
dvidir='${docdir}'
exec_prefix='NONE'
host='x86_64-unknown-linux-gnu'
host_alias=''
host_cpu='x86_64'
host_os='linux-gnu'
host_vendor='unknown'
htmldir='${docdir}'
includedir='${prefix}/include'
infodir='${datarootdir}/info'
install_sh='${SHELL} /home/cvg/Projects/caffe-master_cluster/snappy-master/automake-1.15/lib/install-sh'
libdir='${exec_prefix}/lib'
libexecdir='${exec_prefix}/libexec'
localedir='${datarootdir}/locale'
localstatedir='${prefix}/var'
mandir='${datarootdir}/man'
mkdir_p='$(MKDIR_P)'
oldincludedir='/usr/include'
pdfdir='${docdir}'
pkgvdatadir='${datadir}/automake-1.15'
prefix='NONE'
program_transform_name='s,x,x,'
psdir='${docdir}'
required_autoconf_version='2.65'
sbindir='${exec_prefix}/sbin'
scriptdir='${pkgvdatadir}'
sharedstatedir='${prefix}/com'
sysconfdir='${prefix}/etc'
system_acdir='${datadir}/aclocal'
target_alias=''

## ----------- ##
## confdefs.h. ##
## ----------- ##

/* confdefs.h */
#define PACKAGE_NAME "GNU Automake"
#define PACKAGE_TARNAME "automake"
#define PACKAGE_VERSION "1.15"
#define PACKAGE_STRING "GNU Automake 1.15"
#define PACKAGE_BUGREPORT "bug-automake@gnu.org"
#define PACKAGE_URL "http://www.gnu.org/software/automake/"

configure: exit 1
